starting build

**********************************************************************

Test build
build project using make

**********************************************************************
Trying to clean project using make clean
make clean
rm -rf mysh
Trying to build project using make
make
rm -rf mysh
gcc -o mysh mysh.c -Wall -Werror


test build PASSED
 (build project using make)

starting basic

**********************************************************************

Test basic
run a single command with no arguments

**********************************************************************
/tmp/tmprrrPIb/p/./mysh /u/c/s/cs537-2/ta/tests/2a/basic/in


test basic PASSED
 (run a single command with no arguments)

starting blank

**********************************************************************

Test blank
an empty batch file

**********************************************************************
/tmp/tmprrrPIb/p/./mysh /u/c/s/cs537-2/ta/tests/2a/blank/in


test blank PASSED
 (an empty batch file)

starting multiline

**********************************************************************

Test multiline
two single line commands

**********************************************************************
/tmp/tmprrrPIb/p/./mysh /u/c/s/cs537-2/ta/tests/2a/multiline/in


test multiline PASSED
 (two single line commands)

starting parseargs

**********************************************************************

Test parseargs
a command with an argument

**********************************************************************
/tmp/tmprrrPIb/p/./mysh /u/c/s/cs537-2/ta/tests/2a/parseargs/in


test parseargs PASSED
 (a command with an argument)

starting parseargs2

**********************************************************************

Test parseargs2
a command with many arguments

**********************************************************************
/tmp/tmprrrPIb/p/./mysh /u/c/s/cs537-2/ta/tests/2a/parseargs2/in


test parseargs2 PASSED
 (a command with many arguments)

starting parseargs3

**********************************************************************

Test parseargs3
successfully parse indirection and background symbols

**********************************************************************
/tmp/tmprrrPIb/p/./mysh /u/c/s/cs537-2/ta/tests/2a/parseargs3/in
Failure: ./mysh gave incorrect standard output.
Expected: "rm -f 1.out\necho hello>1.out&\nwait\ncat 1.out\nhello\n"
Got:      "rm -f 1.out\necho hello>1.out&\nwait\ncat 1.out\n\n"


test parseargs3 FAILED
 (successfully parse indirection and background symbols)
 ./mysh gave incorrect standard output.

starting exit

**********************************************************************

Test exit
the builtin exit command

**********************************************************************
/tmp/tmprrrPIb/p/./mysh /u/c/s/cs537-2/ta/tests/2a/exit/in


test exit PASSED
 (the builtin exit command)

starting pwd

**********************************************************************

Test pwd
the builtin pwd command

**********************************************************************
/tmp/tmprrrPIb/p/./mysh /u/c/s/cs537-2/ta/tests/2a/pwd/in


test pwd PASSED
 (the builtin pwd command)

starting cd

**********************************************************************

Test cd
cd with argument

**********************************************************************
/tmp/tmprrrPIb/p/./mysh /u/c/s/cs537-2/ta/tests/2a/cd/in


test cd PASSED
 (cd with argument)

starting cd2

**********************************************************************

Test cd2
cd without argument

**********************************************************************
/tmp/tmprrrPIb/p/./mysh /u/c/s/cs537-2/ta/tests/2a/cd2/in


test cd2 PASSED
 (cd without argument)

starting whitespace

**********************************************************************

Test whitespace
serveral commands with extra whitespace

**********************************************************************
/tmp/tmprrrPIb/p/./mysh /u/c/s/cs537-2/ta/tests/2a/whitespace/in


test whitespace PASSED
 (serveral commands with extra whitespace)

starting whitespace2

**********************************************************************

Test whitespace2
builtin commands with extra whitespace

**********************************************************************
/tmp/tmprrrPIb/p/./mysh /u/c/s/cs537-2/ta/tests/2a/whitespace2/in


test whitespace2 PASSED
 (builtin commands with extra whitespace)

starting args

**********************************************************************

Test args
too many arguments to mysh

**********************************************************************
/tmp/tmprrrPIb/p/./mysh /u/c/s/cs537-2/ta/tests/2a/args/in /bogus


test args PASSED
 (too many arguments to mysh)

starting args2

**********************************************************************

Test args2
invalid batch file path

**********************************************************************
/tmp/tmprrrPIb/p/./mysh /bogus


test args2 PASSED
 (invalid batch file path)

starting longline

**********************************************************************

Test longline
maximum length line

**********************************************************************
/tmp/tmprrrPIb/p/./mysh /u/c/s/cs537-2/ta/tests/2a/longline/in
Failure: ./mysh gave incorrect standard output.
Expected: "echo 000011111111112222222222333333333344444444445555555555666666666677777777778888888888999999999900000000001111111111222222222233333333334444444444555555555566666666667777777777888888888899999999990000000000111111111122222222223333333333444444444455555555556666666666777777777788888888889999999999000000000011111111112222222222333333333344444444445555555555666666666677777777778888888888999999999900000000001111111111222222222233333333334444444444555555555566666666667777777777888888888899999999990000000000512\n000011111111112222222222333333333344444444445555555555666666666677777777778888888888999999999900000000001111111111222222222233333333334444444444555555555566666666667777777777888888888899999999990000000000111111111122222222223333333333444444444455555555556666666666777777777788888888889999999999000000000011111111112222222222333333333344444444445555555555666666666677777777778888888888999999999900000000001111111111222222222233333333334444444444555555555566666666667777777777888888888899999999990000000000512\nuname\nLinux\n"
Got:      "echo 0000111111111122222222223333333333444444444455555555556666666666777777777788888888889999999999000000000011111111112222222222333333333344444444445555555555666666666677777777778888888888999999999900000000001111111111222222222233333333334444444444555555555566666666667777777777888888888899999999990000000000111111111122222222223333333333444444444455555555556666666666777777777788888888889999999999000000000011111111112222222222333333333344444444445555555555666666666677777777778888888888999999999900000000005100001111111111222222222233333333334444444444555555555566666666667777777777888888888899999999990000000000111111111122222222223333333333444444444455555555556666666666777777777788888888889999999999000000000011111111112222222222333333333344444444445555555555666666666677777777778888888888999999999900000000001111111111222222222233333333334444444444555555555566666666667777777777888888888899999999990000000000111111111122222222223333333333444444444455555555556666666666777777777788888888889999999999000000000051\n2\nuname\nLinux\n"


test longline FAILED
 (maximum length line)
 ./mysh gave incorrect standard output.

starting toolong

**********************************************************************

Test toolong
a line that is too long

**********************************************************************
/tmp/tmprrrPIb/p/./mysh /u/c/s/cs537-2/ta/tests/2a/toolong/in
Failure: ./mysh gave incorrect standard output.
Expected: "echo 0000111111111122222222223333333333444444444455555555556666666666777777777788888888889999999999000000000011111111112222222222333333333344444444445555555555666666666677777777778888888888999999999900000000001111111111222222222233333333334444444444555555555566666666667777777777888888888899999999990000000000111111111122222222223333333333444444444455555555556666666666777777777788888888889999999999000000000011111111112222222222333333333344444444445555555555666666666677777777778888888888999999999900000000000513\nuname\nLinux\n"
Got:      "echo 0000111111111122222222223333333333444444444455555555556666666666777777777788888888889999999999000000000011111111112222222222333333333344444444445555555555666666666677777777778888888888999999999900000000001111111111222222222233333333334444444444555555555566666666667777777777888888888899999999990000000000111111111122222222223333333333444444444455555555556666666666777777777788888888889999999999000000000011111111112222222222333333333344444444445555555555666666666677777777778888888888999999999900000000000500001111111111222222222233333333334444444444555555555566666666667777777777888888888899999999990000000000111111111122222222223333333333444444444455555555556666666666777777777788888888889999999999000000000011111111112222222222333333333344444444445555555555666666666677777777778888888888999999999900000000001111111111222222222233333333334444444444555555555566666666667777777777888888888899999999990000000000111111111122222222223333333333444444444455555555556666666666777777777788888888889999999999000000000005\n13\nuname\nLinux\n"


test toolong FAILED
 (a line that is too long)
 ./mysh gave incorrect standard output.

starting badprog

**********************************************************************

Test badprog
bad executable path as command

**********************************************************************
/tmp/tmprrrPIb/p/./mysh /u/c/s/cs537-2/ta/tests/2a/badprog/in


test badprog PASSED
 (bad executable path as command)

starting errout

**********************************************************************

Test errout
a called program produces error output, but no errors from the shell itself

**********************************************************************
/tmp/tmprrrPIb/p/./mysh /u/c/s/cs537-2/ta/tests/2a/errout/in


test errout PASSED
 (a called program produces error output, but no errors from the shell itself)

starting badcd

**********************************************************************

Test badcd
invalid path to cd

**********************************************************************
/tmp/tmprrrPIb/p/./mysh /u/c/s/cs537-2/ta/tests/2a/badcd/in
Failure: ./mysh gave incorrect standard error.
Expected: "An error has occurred\n"
Got:      "/bogus is not a valid path\n"


test badcd FAILED
 (invalid path to cd)
 ./mysh gave incorrect standard error.

starting badpwd

**********************************************************************

Test badpwd
invalid arguments to pwd

**********************************************************************
/tmp/tmprrrPIb/p/./mysh /u/c/s/cs537-2/ta/tests/2a/badpwd/in
Failure: ./mysh gave incorrect standard output.
Expected: "pwd /u\n"
Got:      "pwd /u\n/tmp/tmprrrPIb/p\n"


test badpwd FAILED
 (invalid arguments to pwd)
 ./mysh gave incorrect standard output.

starting badexit

**********************************************************************

Test badexit
invalid arguments to exit

**********************************************************************
/tmp/tmprrrPIb/p/./mysh /u/c/s/cs537-2/ta/tests/2a/badexit/in
Failure: ./mysh gave incorrect standard error.
Expected: "An error has occurred\n"
Got:      ""


test badexit FAILED
 (invalid arguments to exit)
 ./mysh gave incorrect standard error.

starting redirect

**********************************************************************

Test redirect
simple redirection using >

**********************************************************************
/tmp/tmprrrPIb/p/./mysh /u/c/s/cs537-2/ta/tests/2a/redirect/in


test redirect PASSED
 (simple redirection using >)

starting redirect2

**********************************************************************

Test redirect2
redirection and mutiple arguments

**********************************************************************
/tmp/tmprrrPIb/p/./mysh /u/c/s/cs537-2/ta/tests/2a/redirect2/in


test redirect2 PASSED
 (redirection and mutiple arguments)

starting badredir

**********************************************************************

Test badredir
redirect to invalid path

**********************************************************************
/tmp/tmprrrPIb/p/./mysh /u/c/s/cs537-2/ta/tests/2a/badredir/in
Failure: ./mysh gave incorrect standard error.
Expected: "An error has occurred\n"
Got:      "open: Permission denied\n"


test badredir FAILED
 (redirect to invalid path)
 ./mysh gave incorrect standard error.

starting badredir2

**********************************************************************

Test badredir2
redirect to multiple paths

**********************************************************************
/tmp/tmprrrPIb/p/./mysh /u/c/s/cs537-2/ta/tests/2a/badredir2/in


test badredir2 PASSED
 (redirect to multiple paths)

starting interactive

**********************************************************************

Test interactive
simple command in interactive mode

**********************************************************************
Running mysh with 1 command: see /u/c/s/cs537-2/ta/tests/2a/interactive/in

/tmp/tmprrrPIb/p/./mysh


test interactive FAILED
 (simple command in interactive mode)
 Timelimit (10.0s) exceeded

starting interactive2

**********************************************************************

Test interactive2
series of commands in interactive mode

**********************************************************************
Running mysh with several commands: see /u/c/s/cs537-2/ta/tests/2a/interactive2/in

/tmp/tmprrrPIb/p/./mysh


test interactive2 PASSED
 (series of commands in interactive mode)

starting background

**********************************************************************

Test background
basic background process

**********************************************************************
/tmp/tmprrrPIb/p/./mysh /u/c/s/cs537-2/ta/tests/2a/background/in


test background PASSED
 (basic background process)

starting background2

**********************************************************************

Test background2
background process followed by wait

**********************************************************************
/tmp/tmprrrPIb/p/./mysh /u/c/s/cs537-2/ta/tests/2a/background2/in


test background2 PASSED
 (background process followed by wait)

starting background3

**********************************************************************

Test background3
command following wait

**********************************************************************
/tmp/tmprrrPIb/p/./mysh /u/c/s/cs537-2/ta/tests/2a/background3/in


test background3 PASSED
 (command following wait)

starting background4

**********************************************************************

Test background4
check that wait waits correctly

**********************************************************************
/tmp/tmprrrPIb/p/./mysh /u/c/s/cs537-2/ta/tests/2a/background4/in
Failure: ./mysh gave incorrect standard output.
Expected: "python ./decho.py 2 delayed &\npython ./decho.py 4 delayedmore &\n/bin/echo now\nnow\nwait\ndelayed\ndelayedmore\n/bin/echo later\nlater\n"
Got:      "python ./decho.py 2 delayed &\npython ./decho.py 4 delayedmore &\n/bin/echo now\nnow\nwait\ndelayed\n/bin/echo later\nlater\ndelayedmore\n"


test background4 FAILED
 (check that wait waits correctly)
 ./mysh gave incorrect standard output.

starting waitnone

**********************************************************************

Test waitnone
wait with no background jobs

**********************************************************************
/tmp/tmprrrPIb/p/./mysh /u/c/s/cs537-2/ta/tests/2a/waitnone/in


test waitnone PASSED
 (wait with no background jobs)

starting badwait

**********************************************************************

Test badwait
invalid arguments to wait

**********************************************************************
/tmp/tmprrrPIb/p/./mysh /u/c/s/cs537-2/ta/tests/2a/badwait/in
Failure: ./mysh gave incorrect standard error.
Expected: "An error has occurred\n"
Got:      ""


test badwait FAILED
 (invalid arguments to wait)
 ./mysh gave incorrect standard error.

starting fun

**********************************************************************

Test fun
test the fun feature (python script)

**********************************************************************
/tmp/tmprrrPIb/p/./mysh /u/c/s/cs537-2/ta/tests/2a/fun/in
Failure: ./mysh gave incorrect standard output.
Expected: "./echo-funtest.py test arg2 arg3\ntest arg2 arg3\n"
Got:      "./echo-funtest.py test arg2 arg3\n"


test fun FAILED
 (test the fun feature (python script))
 ./mysh gave incorrect standard output.

**********************************************************************
Summary:
test build PASSED
 (build project using make)

test basic PASSED
 (run a single command with no arguments)

test blank PASSED
 (an empty batch file)

test multiline PASSED
 (two single line commands)

test parseargs PASSED
 (a command with an argument)

test parseargs2 PASSED
 (a command with many arguments)

test parseargs3 FAILED
 (successfully parse indirection and background symbols)
 ./mysh gave incorrect standard output.

test exit PASSED
 (the builtin exit command)

test pwd PASSED
 (the builtin pwd command)

test cd PASSED
 (cd with argument)

test cd2 PASSED
 (cd without argument)

test whitespace PASSED
 (serveral commands with extra whitespace)

test whitespace2 PASSED
 (builtin commands with extra whitespace)

test args PASSED
 (too many arguments to mysh)

test args2 PASSED
 (invalid batch file path)

test longline FAILED
 (maximum length line)
 ./mysh gave incorrect standard output.

test toolong FAILED
 (a line that is too long)
 ./mysh gave incorrect standard output.

test badprog PASSED
 (bad executable path as command)

test errout PASSED
 (a called program produces error output, but no errors from the shell itself)

test badcd FAILED
 (invalid path to cd)
 ./mysh gave incorrect standard error.

test badpwd FAILED
 (invalid arguments to pwd)
 ./mysh gave incorrect standard output.

test badexit FAILED
 (invalid arguments to exit)
 ./mysh gave incorrect standard error.

test redirect PASSED
 (simple redirection using >)

test redirect2 PASSED
 (redirection and mutiple arguments)

test badredir FAILED
 (redirect to invalid path)
 ./mysh gave incorrect standard error.

test badredir2 PASSED
 (redirect to multiple paths)

test interactive FAILED
 (simple command in interactive mode)
 Timelimit (10.0s) exceeded

test interactive2 PASSED
 (series of commands in interactive mode)

test background PASSED
 (basic background process)

test background2 PASSED
 (background process followed by wait)

test background3 PASSED
 (command following wait)

test background4 FAILED
 (check that wait waits correctly)
 ./mysh gave incorrect standard output.

test waitnone PASSED
 (wait with no background jobs)

test badwait FAILED
 (invalid arguments to wait)
 ./mysh gave incorrect standard error.

test fun FAILED
 (test the fun feature (python script))
 ./mysh gave incorrect standard output.

Passed 24 of 35 tests.
Overall 24 of 35
